2017-06-23 10:05:13,546 INFO  [org.jboss.modules] (main) JBoss Modules version 1.5.1.Final-redhat-1
2017-06-23 10:05:16,200 INFO  [org.jboss.msc] (main) JBoss MSC version 1.2.6.Final-redhat-1
2017-06-23 10:05:16,440 INFO  [org.jboss.as] (MSC service thread 1-7) WFLYSRV0049: JBoss EAP 7.0.0.GA (WildFly Core 2.1.2.Final-redhat-1) starting
2017-06-23 10:05:16,459 DEBUG [org.jboss.as.config] (MSC service thread 1-7) Configured system properties:
	awt.toolkit = sun.awt.windows.WToolkit
	file.encoding = Cp1252
	file.encoding.pkg = sun.io
	file.separator = \
	java.awt.graphicsenv = sun.awt.Win32GraphicsEnvironment
	java.awt.printerjob = sun.awt.windows.WPrinterJob
	java.class.path = H:\HK2_2016\Java NC\Do An JAVA\automatically-testing-program\jboss-eap-7.0\jboss-modules.jar
	java.class.version = 52.0
	java.endorsed.dirs = C:\Program Files\Java\jdk1.8.0_131\jre\lib\endorsed
	java.ext.dirs = C:\Program Files\Java\jdk1.8.0_131\jre\lib\ext;C:\WINDOWS\Sun\Java\lib\ext
	java.home = C:\Program Files\Java\jdk1.8.0_131\jre
	java.io.tmpdir = C:\Users\THANHN~1\AppData\Local\Temp\
	java.library.path = C:\Program Files\Java\jdk1.8.0_131\bin;C:\WINDOWS\Sun\Java\bin;C:\WINDOWS\system32;C:\WINDOWS;C:\Program Files\Microsoft MPI\Bin\;C:\WINDOWS\system32;C:\WINDOWS;C:\WINDOWS\System32\Wbem;C:\WINDOWS\System32\WindowsPowerShell\v1.0\;C:\Program Files (x86)\Microsoft SQL Server\130\Tools\Binn\;C:\Program Files\Microsoft SQL Server\130\Tools\Binn\;C:\Program Files (x86)\Microsoft SQL Server\130\DTS\Binn\;C:\Program Files\Microsoft SQL Server\130\DTS\Binn\;C:\Program Files\Microsoft SQL Server\Client SDK\ODBC\130\Tools\Binn\;C:\Program Files (x86)\Microsoft SQL Server\Client SDK\ODBC\130\Tools\Binn\;C:\Program Files (x86)\Microsoft SQL Server\130\Tools\Binn\ManagementStudio\;C:\Program Files (x86)\NVIDIA Corporation\PhysX\Common;C:\MySoftware\;C:\Program Files\Microsoft SQL Server\120\Tools\Binn\;C:\PostgreSQL\pg96\bin;C:\MinGW\bin;C:\MinGW\msys\1.0\bin;F:\XAMPP\tomcat\lib;C:\WINDOWS\system32;C:\WINDOWS;C:\WINDOWS\System32\Wbem;C:\WINDOWS\System32\WindowsPowerShell\v1.0\;C:\Program Files\dotnet\;C:\Users\THANH NGA\AppData\Local\Microsoft\WindowsApps;C:\Users\THANH NGA\AppData\Roaming\npm;;.
	java.runtime.name = Java(TM) SE Runtime Environment
	java.runtime.version = 1.8.0_131-b11
	java.specification.name = Java Platform API Specification
	java.specification.vendor = Oracle Corporation
	java.specification.version = 1.8
	java.util.logging.manager = org.jboss.logmanager.LogManager
	java.vendor = Oracle Corporation
	java.vendor.url = http://java.oracle.com/
	java.vendor.url.bug = http://bugreport.sun.com/bugreport/
	java.version = 1.8.0_131
	java.vm.info = mixed mode
	java.vm.name = Java HotSpot(TM) 64-Bit Server VM
	java.vm.specification.name = Java Virtual Machine Specification
	java.vm.specification.vendor = Oracle Corporation
	java.vm.specification.version = 1.8
	java.vm.vendor = Oracle Corporation
	java.vm.version = 25.131-b11
	javax.management.builder.initial = org.jboss.as.jmx.PluggableMBeanServerBuilder
	javax.xml.datatype.DatatypeFactory = __redirected.__DatatypeFactory
	javax.xml.parsers.DocumentBuilderFactory = __redirected.__DocumentBuilderFactory
	javax.xml.parsers.SAXParserFactory = __redirected.__SAXParserFactory
	javax.xml.stream.XMLEventFactory = __redirected.__XMLEventFactory
	javax.xml.stream.XMLInputFactory = __redirected.__XMLInputFactory
	javax.xml.stream.XMLOutputFactory = __redirected.__XMLOutputFactory
	javax.xml.transform.TransformerFactory = __redirected.__TransformerFactory
	javax.xml.validation.SchemaFactory:http://www.w3.org/2001/XMLSchema = __redirected.__SchemaFactory
	javax.xml.xpath.XPathFactory:http://java.sun.com/jaxp/xpath/dom = __redirected.__XPathFactory
	jboss.home.dir = H:\HK2_2016\Java NC\Do An JAVA\automatically-testing-program\jboss-eap-7.0
	jboss.host.name = desktop-vge3hde
	jboss.modules.dir = H:\HK2_2016\Java NC\Do An JAVA\automatically-testing-program\jboss-eap-7.0\modules
	jboss.node.name = desktop-vge3hde
	jboss.qualified.host.name = desktop-vge3hde
	jboss.server.base.dir = H:\HK2_2016\Java NC\Do An JAVA\automatically-testing-program\jboss-eap-7.0\standalone
	jboss.server.config.dir = H:\HK2_2016\Java NC\Do An JAVA\automatically-testing-program\jboss-eap-7.0\standalone\configuration
	jboss.server.data.dir = H:\HK2_2016\Java NC\Do An JAVA\automatically-testing-program\jboss-eap-7.0\standalone\data
	jboss.server.default.config = standalone-full.xml
	jboss.server.deploy.dir = H:\HK2_2016\Java NC\Do An JAVA\automatically-testing-program\jboss-eap-7.0\standalone\data\content
	jboss.server.log.dir = H:\HK2_2016\Java NC\Do An JAVA\automatically-testing-program\jboss-eap-7.0\standalone\log
	jboss.server.name = desktop-vge3hde
	jboss.server.persist.config = true
	jboss.server.temp.dir = H:\HK2_2016\Java NC\Do An JAVA\automatically-testing-program\jboss-eap-7.0\standalone\tmp
	line.separator = 

	logging.configuration = file:H:\HK2_2016\Java NC\Do An JAVA\automatically-testing-program\jboss-eap-7.0\standalone\configuration/logging.properties
	module.path = H:\HK2_2016\Java NC\Do An JAVA\automatically-testing-program\jboss-eap-7.0\modules
	org.jboss.boot.log.file = H:\HK2_2016\Java NC\Do An JAVA\automatically-testing-program\jboss-eap-7.0\standalone\log\server.log
	org.jboss.resolver.warning = true
	org.xml.sax.driver = __redirected.__XMLReaderFactory
	os.arch = amd64
	os.name = Windows 10
	os.version = 10.0
	path.separator = ;
	program.name = standalone.bat
	sun.arch.data.model = 64
	sun.boot.class.path = C:\Program Files\Java\jdk1.8.0_131\jre\lib\resources.jar;C:\Program Files\Java\jdk1.8.0_131\jre\lib\rt.jar;C:\Program Files\Java\jdk1.8.0_131\jre\lib\sunrsasign.jar;C:\Program Files\Java\jdk1.8.0_131\jre\lib\jsse.jar;C:\Program Files\Java\jdk1.8.0_131\jre\lib\jce.jar;C:\Program Files\Java\jdk1.8.0_131\jre\lib\charsets.jar;C:\Program Files\Java\jdk1.8.0_131\jre\lib\jfr.jar;C:\Program Files\Java\jdk1.8.0_131\jre\classes
	sun.boot.library.path = C:\Program Files\Java\jdk1.8.0_131\jre\bin
	sun.cpu.endian = little
	sun.cpu.isalist = amd64
	sun.desktop = windows
	sun.io.unicode.encoding = UnicodeLittle
	sun.java.command = H:\HK2_2016\Java NC\Do An JAVA\automatically-testing-program\jboss-eap-7.0\jboss-modules.jar -mp H:\HK2_2016\Java NC\Do An JAVA\automatically-testing-program\jboss-eap-7.0\modules org.jboss.as.standalone -Djboss.home.dir=H:\HK2_2016\Java NC\Do An JAVA\automatically-testing-program\jboss-eap-7.0
	sun.java.launcher = SUN_STANDARD
	sun.jnu.encoding = Cp1252
	sun.management.compiler = HotSpot 64-Bit Tiered Compilers
	sun.os.patch.level = 
	user.country = US
	user.dir = H:\HK2_2016\Java NC\Do An JAVA\automatically-testing-program\jboss-eap-7.0\bin
	user.home = C:\Users\THANH NGA
	user.language = en
	user.name = THANH NGA
	user.script = 
	user.timezone = Asia/Bangkok
	user.variant = 
2017-06-23 10:05:16,462 DEBUG [org.jboss.as.config] (MSC service thread 1-7) VM Arguments: -Xloggc:H:\HK2_2016\Java NC\Do An JAVA\automatically-testing-program\jboss-eap-7.0\standalone\log\gc.log -verbose:gc -XX:+PrintGCDetails -XX:+PrintGCDateStamps -XX:+UseGCLogFileRotation -XX:NumberOfGCLogFiles=5 -XX:GCLogFileSize=3M -XX:-TraceClassUnloading -Dprogram.name=standalone.bat -Djboss.server.default.config=standalone-full.xml -Dorg.jboss.boot.log.file=H:\HK2_2016\Java NC\Do An JAVA\automatically-testing-program\jboss-eap-7.0\standalone\log\server.log -Dlogging.configuration=file:H:\HK2_2016\Java NC\Do An JAVA\automatically-testing-program\jboss-eap-7.0\standalone\configuration/logging.properties 
2017-06-23 10:05:23,832 INFO  [org.jboss.as.server] (Controller Boot Thread) WFLYSRV0039: Creating http management service using socket-binding (management-http)
2017-06-23 10:05:23,871 INFO  [org.xnio] (MSC service thread 1-1) XNIO version 3.3.6.Final-redhat-1
2017-06-23 10:05:23,878 INFO  [org.xnio.nio] (MSC service thread 1-1) XNIO NIO Implementation Version 3.3.6.Final-redhat-1
2017-06-23 10:05:23,940 WARN  [org.jboss.as.txn] (ServerService Thread Pool -- 60) WFLYTX0013: Node identifier property is set to the default value. Please make sure it is unique.
2017-06-23 10:05:23,949 INFO  [org.jboss.as.clustering.infinispan] (ServerService Thread Pool -- 41) WFLYCLINF0001: Activating Infinispan subsystem.
2017-06-23 10:05:23,968 INFO  [org.jboss.as.naming] (ServerService Thread Pool -- 52) WFLYNAM0001: Activating Naming Subsystem
2017-06-23 10:05:23,976 INFO  [org.wildfly.iiop.openjdk] (ServerService Thread Pool -- 42) WFLYIIOP0001: Activating IIOP Subsystem
2017-06-23 10:05:23,977 INFO  [org.jboss.as.jsf] (ServerService Thread Pool -- 48) WFLYJSF0007: Activated the following JSF Implementations: [main]
2017-06-23 10:05:23,981 INFO  [org.jboss.as.webservices] (ServerService Thread Pool -- 62) WFLYWS0002: Activating WebServices Extension
2017-06-23 10:05:24,092 INFO  [org.jboss.as.security] (ServerService Thread Pool -- 59) WFLYSEC0002: Activating Security Subsystem
2017-06-23 10:05:24,168 INFO  [org.wildfly.extension.io] (ServerService Thread Pool -- 40) WFLYIO001: Worker 'default' has auto-configured to 16 core threads with 128 task threads based on your 8 available processors
2017-06-23 10:05:24,176 INFO  [org.jboss.as.security] (MSC service thread 1-5) WFLYSEC0001: Current PicketBox version=4.9.6.Final-redhat-1
2017-06-23 10:05:24,199 INFO  [org.jboss.as.connector] (MSC service thread 1-4) WFLYJCA0009: Starting JCA Subsystem (WildFly/IronJacamar 1.3.3.Final-redhat-1)
2017-06-23 10:05:24,215 INFO  [org.wildfly.extension.undertow] (MSC service thread 1-7) WFLYUT0003: Undertow 1.3.21.Final-redhat-1 starting
2017-06-23 10:05:24,222 INFO  [org.wildfly.extension.undertow] (ServerService Thread Pool -- 61) WFLYUT0003: Undertow 1.3.21.Final-redhat-1 starting
2017-06-23 10:05:24,329 INFO  [org.jboss.as.connector.subsystems.datasources] (ServerService Thread Pool -- 36) WFLYJCA0004: Deploying JDBC-compliant driver class org.h2.Driver (version 1.3)
2017-06-23 10:05:24,355 INFO  [org.jboss.as.connector.deployers.jdbc] (MSC service thread 1-3) WFLYJCA0018: Started Driver service with driver-name = h2
2017-06-23 10:05:24,578 INFO  [org.jboss.as.naming] (MSC service thread 1-8) WFLYNAM0003: Starting Naming Service
2017-06-23 10:05:24,604 INFO  [org.jboss.as.mail.extension] (MSC service thread 1-4) WFLYMAIL0001: Bound mail session [java:jboss/mail/Default]
2017-06-23 10:05:25,036 INFO  [org.jboss.remoting] (MSC service thread 1-4) JBoss Remoting version 4.0.18.Final-redhat-1
2017-06-23 10:05:25,118 INFO  [org.jboss.as.ejb3] (MSC service thread 1-7) WFLYEJB0482: Strict pool mdb-strict-max-pool is using a max instance size of 32 (per class), which is derived from the number of CPUs on this host.
2017-06-23 10:05:25,126 INFO  [org.jboss.as.ejb3] (MSC service thread 1-5) WFLYEJB0481: Strict pool slsb-strict-max-pool is using a max instance size of 128 (per class), which is derived from thread worker pool sizing.
2017-06-23 10:05:25,243 INFO  [org.wildfly.extension.undertow] (ServerService Thread Pool -- 61) WFLYUT0014: Creating file handler for path 'H:\HK2_2016\Java NC\Do An JAVA\automatically-testing-program\jboss-eap-7.0/welcome-content' with options [directory-listing: 'false', follow-symlink: 'false', case-sensitive: 'true', safe-symlink-paths: '[]']
2017-06-23 10:05:25,292 INFO  [org.wildfly.extension.undertow] (MSC service thread 1-3) WFLYUT0012: Started server default-server.
2017-06-23 10:05:25,294 INFO  [org.wildfly.extension.undertow] (MSC service thread 1-3) WFLYUT0018: Host default-host starting
2017-06-23 10:05:25,366 INFO  [org.jboss.as.connector.subsystems.datasources] (ServerService Thread Pool -- 36) WFLYJCA0004: Deploying JDBC-compliant driver class com.microsoft.sqlserver.jdbc.SQLServerDriver (version 4.2)
2017-06-23 10:05:25,369 INFO  [org.jboss.as.connector.deployers.jdbc] (MSC service thread 1-7) WFLYJCA0018: Started Driver service with driver-name = sqlserver
2017-06-23 10:05:25,406 INFO  [org.wildfly.extension.undertow] (MSC service thread 1-3) WFLYUT0006: Undertow HTTP listener default listening on 127.0.0.1:8080
2017-06-23 10:05:25,536 INFO  [org.jboss.as.connector.subsystems.datasources] (MSC service thread 1-7) WFLYJCA0001: Bound data source [java:jboss/datasources/ExampleDS]
2017-06-23 10:05:25,536 INFO  [org.jboss.as.connector.subsystems.datasources] (MSC service thread 1-6) WFLYJCA0001: Bound data source [java:jboss/ATP]
2017-06-23 10:05:25,537 INFO  [org.jboss.as.connector.subsystems.datasources] (MSC service thread 1-4) WFLYJCA0001: Bound data source [java:jboss/Test]
2017-06-23 10:05:25,757 INFO  [org.wildfly.iiop.openjdk] (MSC service thread 1-1) WFLYIIOP0009: CORBA ORB Service started
2017-06-23 10:05:26,013 INFO  [org.wildfly.extension.messaging-activemq] (MSC service thread 1-8) WFLYMSGAMQ0001: AIO wasn't located on this platform, it will fall back to using pure Java NIO.
2017-06-23 10:05:26,098 INFO  [org.jboss.as.server.deployment.scanner] (MSC service thread 1-6) WFLYDS0013: Started FileSystemDeploymentService for directory H:\HK2_2016\Java NC\Do An JAVA\automatically-testing-program\jboss-eap-7.0\standalone\deployments
2017-06-23 10:05:26,176 INFO  [org.apache.activemq.artemis.core.server] (ServerService Thread Pool -- 64) AMQ221000: live Message Broker is starting with configuration Broker Configuration (clustered=false,journalDirectory=H:\HK2_2016\Java NC\Do An JAVA\automatically-testing-program\jboss-eap-7.0\standalone\data\activemq\journal,bindingsDirectory=H:\HK2_2016\Java NC\Do An JAVA\automatically-testing-program\jboss-eap-7.0\standalone\data\activemq\bindings,largeMessagesDirectory=H:\HK2_2016\Java NC\Do An JAVA\automatically-testing-program\jboss-eap-7.0\standalone\data\activemq\largemessages,pagingDirectory=H:\HK2_2016\Java NC\Do An JAVA\automatically-testing-program\jboss-eap-7.0\standalone\data\activemq\paging)
2017-06-23 10:05:26,484 INFO  [org.apache.activemq.artemis.core.server] (ServerService Thread Pool -- 64) AMQ221013: Using NIO Journal
2017-06-23 10:05:26,554 INFO  [org.infinispan.factories.GlobalComponentRegistry] (MSC service thread 1-5) ISPN000128: Infinispan version: Infinispan 'Mahou' 8.1.2.Final-redhat-1
2017-06-23 10:05:26,672 INFO  [org.apache.activemq.artemis.core.server] (ServerService Thread Pool -- 64) AMQ221043: Protocol module found: [artemis-server]. Adding protocol support for: CORE
2017-06-23 10:05:26,678 INFO  [org.apache.activemq.artemis.core.server] (ServerService Thread Pool -- 64) AMQ221043: Protocol module found: [artemis-hornetq-protocol]. Adding protocol support for: HORNETQ
2017-06-23 10:05:27,350 INFO  [org.wildfly.extension.messaging-activemq] (MSC service thread 1-5) WFLYMSGAMQ0016: Registered HTTP upgrade for activemq-remoting protocol handled by http-acceptor-throughput acceptor
2017-06-23 10:05:27,350 INFO  [org.wildfly.extension.messaging-activemq] (MSC service thread 1-2) WFLYMSGAMQ0016: Registered HTTP upgrade for activemq-remoting protocol handled by http-acceptor-throughput acceptor
2017-06-23 10:05:27,350 INFO  [org.wildfly.extension.messaging-activemq] (MSC service thread 1-8) WFLYMSGAMQ0016: Registered HTTP upgrade for activemq-remoting protocol handled by http-acceptor acceptor
2017-06-23 10:05:27,350 INFO  [org.wildfly.extension.messaging-activemq] (MSC service thread 1-4) WFLYMSGAMQ0016: Registered HTTP upgrade for activemq-remoting protocol handled by http-acceptor acceptor
2017-06-23 10:05:27,399 INFO  [org.jboss.ws.common.management] (MSC service thread 1-1) JBWS022052: Starting JBossWS 5.1.3.SP1-redhat-1 (Apache CXF 3.1.4.redhat-1) 
2017-06-23 10:05:27,440 INFO  [org.apache.activemq.artemis.core.server] (ServerService Thread Pool -- 64) AMQ221007: Server is now live
2017-06-23 10:05:27,441 INFO  [org.apache.activemq.artemis.core.server] (ServerService Thread Pool -- 64) AMQ221001: Apache ActiveMQ Artemis Message Broker version 1.1.0.SP16-redhat-1 [nodeID=c6da4548-4da7-11e7-a8b2-95c8c1bf8529] 
2017-06-23 10:05:27,445 INFO  [org.apache.activemq.artemis.core.server] (ServerService Thread Pool -- 64) AMQ221003: trying to deploy queue jms.queue.ExpiryQueue
2017-06-23 10:05:27,495 INFO  [org.wildfly.extension.messaging-activemq] (ServerService Thread Pool -- 66) WFLYMSGAMQ0002: Bound messaging object to jndi name java:jboss/exported/jms/RemoteConnectionFactory
2017-06-23 10:05:27,497 INFO  [org.wildfly.extension.messaging-activemq] (ServerService Thread Pool -- 67) WFLYMSGAMQ0002: Bound messaging object to jndi name java:/ConnectionFactory
2017-06-23 10:05:27,497 INFO  [org.apache.activemq.artemis.core.server] (ServerService Thread Pool -- 65) AMQ221003: trying to deploy queue jms.queue.DLQ
2017-06-23 10:05:27,562 INFO  [org.jboss.as.connector.deployment] (MSC service thread 1-3) WFLYJCA0007: Registered connection factory java:/JmsXA
2017-06-23 10:05:27,644 INFO  [org.apache.activemq.artemis.ra] (MSC service thread 1-3) Resource adaptor started
2017-06-23 10:05:27,645 INFO  [org.jboss.as.connector.services.resourceadapters.ResourceAdapterActivatorService$ResourceAdapterActivator] (MSC service thread 1-3) IJ020002: Deployed: file://RaActivatoractivemq-ra
2017-06-23 10:05:27,650 INFO  [org.jboss.as.connector.deployment] (MSC service thread 1-4) WFLYJCA0002: Bound JCA ConnectionFactory [java:/JmsXA]
2017-06-23 10:05:27,650 INFO  [org.wildfly.extension.messaging-activemq] (MSC service thread 1-7) WFLYMSGAMQ0002: Bound messaging object to jndi name java:jboss/DefaultJMSConnectionFactory
2017-06-23 10:05:27,989 INFO  [org.jboss.as] (Controller Boot Thread) WFLYSRV0060: Http management interface listening on http://127.0.0.1:9990/management
2017-06-23 10:05:27,989 INFO  [org.jboss.as] (Controller Boot Thread) WFLYSRV0051: Admin console listening on http://127.0.0.1:9990
2017-06-23 10:05:27,990 INFO  [org.jboss.as] (Controller Boot Thread) WFLYSRV0025: JBoss EAP 7.0.0.GA (WildFly Core 2.1.2.Final-redhat-1) started in 15358ms - Started 319 of 604 services (388 services are lazy, passive or on-demand)
2017-06-23 10:05:28,412 INFO  [org.jboss.as.server.deployment] (MSC service thread 1-3) WFLYSRV0027: Starting deployment of "IuhCoder.war" (runtime-name: "IuhCoder.war")
2017-06-23 10:05:29,861 INFO  [org.jboss.as.jpa] (MSC service thread 1-4) WFLYJPA0002: Read persistence.xml for Entities
2017-06-23 10:05:30,822 INFO  [org.jboss.as.jpa] (ServerService Thread Pool -- 18) WFLYJPA0010: Starting Persistence Unit (phase 1 of 2) Service 'IuhCoder.war#Entities'
2017-06-23 10:05:30,858 INFO  [org.hibernate.jpa.internal.util.LogHelper] (ServerService Thread Pool -- 18) HHH000204: Processing PersistenceUnitInfo [
	name: Entities
	...]
2017-06-23 10:05:30,917 INFO  [org.jboss.weld.deployer] (MSC service thread 1-1) WFLYWELD0003: Processing weld deployment IuhCoder.war
2017-06-23 10:05:31,008 INFO  [org.hibernate.Version] (ServerService Thread Pool -- 18) HHH000412: Hibernate Core {5.0.9.Final-redhat-1}
2017-06-23 10:05:31,009 INFO  [org.hibernate.cfg.Environment] (ServerService Thread Pool -- 18) HHH000206: hibernate.properties not found
2017-06-23 10:05:31,011 INFO  [org.hibernate.cfg.Environment] (ServerService Thread Pool -- 18) HHH000021: Bytecode provider name : javassist
2017-06-23 10:05:31,072 INFO  [org.hibernate.orm.deprecation] (ServerService Thread Pool -- 18) HHH90000001: Found usage of deprecated setting for specifying Scanner [hibernate.ejb.resource_scanner]; use [hibernate.archive.scanner] instead
2017-06-23 10:05:31,089 INFO  [org.hibernate.annotations.common.Version] (ServerService Thread Pool -- 18) HCANN000001: Hibernate Commons Annotations {5.0.1.Final-redhat-2}
2017-06-23 10:05:31,485 INFO  [org.hibernate.validator.internal.util.Version] (MSC service thread 1-1) HV000001: Hibernate Validator 5.2.4.Final-redhat-1
2017-06-23 10:05:31,598 INFO  [org.jboss.as.ejb3.deployment] (MSC service thread 1-1) WFLYEJB0473: JNDI bindings for session bean named 'StudentDAOEJB' in deployment unit 'deployment "IuhCoder.war"' are as follows:

	java:global/IuhCoder/StudentDAOEJB!DataAccess.StudentDAO
	java:app/IuhCoder/StudentDAOEJB!DataAccess.StudentDAO
	java:module/StudentDAOEJB!DataAccess.StudentDAO
	java:global/IuhCoder/StudentDAOEJB!DataAccess.I_Local_StudentDAO
	java:app/IuhCoder/StudentDAOEJB!DataAccess.I_Local_StudentDAO
	java:module/StudentDAOEJB!DataAccess.I_Local_StudentDAO

2017-06-23 10:05:31,598 INFO  [org.jboss.as.ejb3.deployment] (MSC service thread 1-1) WFLYEJB0473: JNDI bindings for session bean named 'InputDAOEJB' in deployment unit 'deployment "IuhCoder.war"' are as follows:

	java:global/IuhCoder/InputDAOEJB!DataAccess.InputDAO
	java:app/IuhCoder/InputDAOEJB!DataAccess.InputDAO
	java:module/InputDAOEJB!DataAccess.InputDAO
	java:global/IuhCoder/InputDAOEJB!DataAccess.I_Local_InputDAO
	java:app/IuhCoder/InputDAOEJB!DataAccess.I_Local_InputDAO
	java:module/InputDAOEJB!DataAccess.I_Local_InputDAO

2017-06-23 10:05:31,598 INFO  [org.jboss.as.ejb3.deployment] (MSC service thread 1-1) WFLYEJB0473: JNDI bindings for session bean named 'OutputDAOEJB' in deployment unit 'deployment "IuhCoder.war"' are as follows:

	java:global/IuhCoder/OutputDAOEJB!DataAccess.OutputDAO
	java:app/IuhCoder/OutputDAOEJB!DataAccess.OutputDAO
	java:module/OutputDAOEJB!DataAccess.OutputDAO
	java:global/IuhCoder/OutputDAOEJB!DataAccess.I_Local_OutputDAO
	java:app/IuhCoder/OutputDAOEJB!DataAccess.I_Local_OutputDAO
	java:module/OutputDAOEJB!DataAccess.I_Local_OutputDAO

2017-06-23 10:05:31,598 INFO  [org.jboss.as.ejb3.deployment] (MSC service thread 1-1) WFLYEJB0473: JNDI bindings for session bean named 'NotAcceptOutputDAOEJB' in deployment unit 'deployment "IuhCoder.war"' are as follows:

	java:global/IuhCoder/NotAcceptOutputDAOEJB!DataAccess.I_Local_NotAcceptOutputDAO
	java:app/IuhCoder/NotAcceptOutputDAOEJB!DataAccess.I_Local_NotAcceptOutputDAO
	java:module/NotAcceptOutputDAOEJB!DataAccess.I_Local_NotAcceptOutputDAO
	java:global/IuhCoder/NotAcceptOutputDAOEJB!DataAccess.NotAcceptOutputDAO
	java:app/IuhCoder/NotAcceptOutputDAOEJB!DataAccess.NotAcceptOutputDAO
	java:module/NotAcceptOutputDAOEJB!DataAccess.NotAcceptOutputDAO

2017-06-23 10:05:31,598 INFO  [org.jboss.as.ejb3.deployment] (MSC service thread 1-1) WFLYEJB0473: JNDI bindings for session bean named 'TeacherDAOEJB' in deployment unit 'deployment "IuhCoder.war"' are as follows:

	java:global/IuhCoder/TeacherDAOEJB!DataAccess.TeacherDAO
	java:app/IuhCoder/TeacherDAOEJB!DataAccess.TeacherDAO
	java:module/TeacherDAOEJB!DataAccess.TeacherDAO
	java:global/IuhCoder/TeacherDAOEJB!DataAccess.I_Local_TeacherDAO
	java:app/IuhCoder/TeacherDAOEJB!DataAccess.I_Local_TeacherDAO
	java:module/TeacherDAOEJB!DataAccess.I_Local_TeacherDAO

2017-06-23 10:05:31,598 INFO  [org.jboss.as.ejb3.deployment] (MSC service thread 1-1) WFLYEJB0473: JNDI bindings for session bean named 'ContestDAOEJB' in deployment unit 'deployment "IuhCoder.war"' are as follows:

	java:global/IuhCoder/ContestDAOEJB!DataAccess.I_Local_ContestDAO
	java:app/IuhCoder/ContestDAOEJB!DataAccess.I_Local_ContestDAO
	java:module/ContestDAOEJB!DataAccess.I_Local_ContestDAO
	java:global/IuhCoder/ContestDAOEJB!DataAccess.ContestDAO
	java:app/IuhCoder/ContestDAOEJB!DataAccess.ContestDAO
	java:module/ContestDAOEJB!DataAccess.ContestDAO

2017-06-23 10:05:31,598 INFO  [org.jboss.as.ejb3.deployment] (MSC service thread 1-1) WFLYEJB0473: JNDI bindings for session bean named 'AcceptOutputEJB' in deployment unit 'deployment "IuhCoder.war"' are as follows:

	java:global/IuhCoder/AcceptOutputEJB!DataAccess.I_Local_AcceptOutputDAO
	java:app/IuhCoder/AcceptOutputEJB!DataAccess.I_Local_AcceptOutputDAO
	java:module/AcceptOutputEJB!DataAccess.I_Local_AcceptOutputDAO
	java:global/IuhCoder/AcceptOutputEJB!DataAccess.AcceptOutputDAO
	java:app/IuhCoder/AcceptOutputEJB!DataAccess.AcceptOutputDAO
	java:module/AcceptOutputEJB!DataAccess.AcceptOutputDAO

2017-06-23 10:05:31,599 INFO  [org.jboss.as.ejb3.deployment] (MSC service thread 1-1) WFLYEJB0473: JNDI bindings for session bean named 'MarkingServerConectionEJB' in deployment unit 'deployment "IuhCoder.war"' are as follows:

	java:global/IuhCoder/MarkingServerConectionEJB!DataAccess.MarkingServerConection
	java:app/IuhCoder/MarkingServerConectionEJB!DataAccess.MarkingServerConection
	java:module/MarkingServerConectionEJB!DataAccess.MarkingServerConection
	java:global/IuhCoder/MarkingServerConectionEJB!DataAccess.I_Local_MarkingServerConnection
	java:app/IuhCoder/MarkingServerConectionEJB!DataAccess.I_Local_MarkingServerConnection
	java:module/MarkingServerConectionEJB!DataAccess.I_Local_MarkingServerConnection

2017-06-23 10:05:31,601 INFO  [org.jboss.as.ejb3.deployment] (MSC service thread 1-1) WFLYEJB0473: JNDI bindings for session bean named 'SubmissionDAOEJB' in deployment unit 'deployment "IuhCoder.war"' are as follows:

	java:global/IuhCoder/SubmissionDAOEJB!DataAccess.SubmissionDAO
	java:app/IuhCoder/SubmissionDAOEJB!DataAccess.SubmissionDAO
	java:module/SubmissionDAOEJB!DataAccess.SubmissionDAO
	java:global/IuhCoder/SubmissionDAOEJB!DataAccess.I_Local_SubmissionDAO
	java:app/IuhCoder/SubmissionDAOEJB!DataAccess.I_Local_SubmissionDAO
	java:module/SubmissionDAOEJB!DataAccess.I_Local_SubmissionDAO

2017-06-23 10:05:31,601 INFO  [org.jboss.as.ejb3.deployment] (MSC service thread 1-1) WFLYEJB0473: JNDI bindings for session bean named 'SubmissionResultDAOEJB' in deployment unit 'deployment "IuhCoder.war"' are as follows:

	java:global/IuhCoder/SubmissionResultDAOEJB!DataAccess.I_Local_SubmissionResulltDAO
	java:app/IuhCoder/SubmissionResultDAOEJB!DataAccess.I_Local_SubmissionResulltDAO
	java:module/SubmissionResultDAOEJB!DataAccess.I_Local_SubmissionResulltDAO
	java:global/IuhCoder/SubmissionResultDAOEJB!DataAccess.SubmissionResultDAO
	java:app/IuhCoder/SubmissionResultDAOEJB!DataAccess.SubmissionResultDAO
	java:module/SubmissionResultDAOEJB!DataAccess.SubmissionResultDAO

2017-06-23 10:05:31,601 INFO  [org.jboss.as.ejb3.deployment] (MSC service thread 1-1) WFLYEJB0473: JNDI bindings for session bean named 'Student_ContestDAOEJB' in deployment unit 'deployment "IuhCoder.war"' are as follows:

	java:global/IuhCoder/Student_ContestDAOEJB!DataAccess.Student_ContestDAO
	java:app/IuhCoder/Student_ContestDAOEJB!DataAccess.Student_ContestDAO
	java:module/Student_ContestDAOEJB!DataAccess.Student_ContestDAO
	java:global/IuhCoder/Student_ContestDAOEJB!DataAccess.I_Local_Student_ContestDAO
	java:app/IuhCoder/Student_ContestDAOEJB!DataAccess.I_Local_Student_ContestDAO
	java:module/Student_ContestDAOEJB!DataAccess.I_Local_Student_ContestDAO

2017-06-23 10:05:31,601 INFO  [org.jboss.as.ejb3.deployment] (MSC service thread 1-1) WFLYEJB0473: JNDI bindings for session bean named 'ProblemDAOEJB' in deployment unit 'deployment "IuhCoder.war"' are as follows:

	java:global/IuhCoder/ProblemDAOEJB!DataAccess.I_Local_ProblemDAO
	java:app/IuhCoder/ProblemDAOEJB!DataAccess.I_Local_ProblemDAO
	java:module/ProblemDAOEJB!DataAccess.I_Local_ProblemDAO
	java:global/IuhCoder/ProblemDAOEJB!DataAccess.ProblemDAO
	java:app/IuhCoder/ProblemDAOEJB!DataAccess.ProblemDAO
	java:module/ProblemDAOEJB!DataAccess.ProblemDAO

2017-06-23 10:05:32,054 INFO  [org.infinispan.configuration.cache.EvictionConfigurationBuilder] (ServerService Thread Pool -- 18) ISPN000152: Passivation configured without an eviction policy being selected. Only manually evicted entities will be passivated.
2017-06-23 10:05:32,056 INFO  [org.infinispan.configuration.cache.EvictionConfigurationBuilder] (ServerService Thread Pool -- 18) ISPN000152: Passivation configured without an eviction policy being selected. Only manually evicted entities will be passivated.
2017-06-23 10:05:32,058 INFO  [org.infinispan.configuration.cache.EvictionConfigurationBuilder] (ServerService Thread Pool -- 18) ISPN000152: Passivation configured without an eviction policy being selected. Only manually evicted entities will be passivated.
2017-06-23 10:05:32,059 INFO  [org.infinispan.configuration.cache.EvictionConfigurationBuilder] (ServerService Thread Pool -- 18) ISPN000152: Passivation configured without an eviction policy being selected. Only manually evicted entities will be passivated.
2017-06-23 10:05:32,108 INFO  [org.jboss.weld.deployer] (MSC service thread 1-6) WFLYWELD0006: Starting Services for CDI deployment: IuhCoder.war
2017-06-23 10:05:32,157 INFO  [org.jboss.weld.Version] (MSC service thread 1-6) WELD-000900: 2.3.3 (redhat)
2017-06-23 10:05:32,197 INFO  [org.jboss.weld.deployer] (MSC service thread 1-7) WFLYWELD0009: Starting weld service for deployment IuhCoder.war
2017-06-23 10:05:32,492 INFO  [org.jboss.as.jpa] (ServerService Thread Pool -- 65) WFLYJPA0010: Starting Persistence Unit (phase 2 of 2) Service 'IuhCoder.war#Entities'
2017-06-23 10:05:32,517 INFO  [org.jboss.as.clustering.infinispan] (ServerService Thread Pool -- 18) WFLYCLINF0002: Started client-mappings cache from ejb container
2017-06-23 10:05:33,029 WARN  [org.hibernate.engine.jdbc.dialect.internal.StandardDialectResolver] (ServerService Thread Pool -- 65) HHH000385: Unknown Microsoft SQL Server major version [13] using SQL Server 2000 dialect
2017-06-23 10:05:33,042 INFO  [org.hibernate.dialect.Dialect] (ServerService Thread Pool -- 65) HHH000400: Using dialect: org.hibernate.dialect.SQLServerDialect
2017-06-23 10:05:33,365 INFO  [org.hibernate.envers.boot.internal.EnversServiceImpl] (ServerService Thread Pool -- 65) Envers integration enabled? : true
2017-06-23 10:05:34,640 INFO  [org.hibernate.hql.internal.QueryTranslatorFactoryInitiator] (ServerService Thread Pool -- 65) HHH000397: Using ASTQueryTranslatorFactory
2017-06-23 10:05:35,614 INFO  [javax.enterprise.resource.webcontainer.jsf.config] (ServerService Thread Pool -- 32) Initializing Mojarra 2.2.12-jbossorg-2  for context '/IuhCoder'
2017-06-23 10:05:36,248 INFO  [org.wildfly.extension.undertow] (ServerService Thread Pool -- 32) WFLYUT0021: Registered web context: /IuhCoder
2017-06-23 10:05:36,282 INFO  [org.jboss.as.server] (management-handler-thread - 4) WFLYSRV0010: Deployed "IuhCoder.war" (runtime-name : "IuhCoder.war")
2017-06-23 10:05:43,606 ERROR [io.undertow.request] (default task-4) UT005023: Exception handling request to /IuhCoder/api/Student: org.jboss.resteasy.spi.UnhandledException: RESTEASY003770: Response is committed, can't handle exception
	at org.jboss.resteasy.core.SynchronousDispatcher.writeException(SynchronousDispatcher.java:167)
	at org.jboss.resteasy.core.SynchronousDispatcher.writeResponse(SynchronousDispatcher.java:471)
	at org.jboss.resteasy.core.SynchronousDispatcher.invoke(SynchronousDispatcher.java:415)
	at org.jboss.resteasy.core.SynchronousDispatcher.invoke(SynchronousDispatcher.java:202)
	at org.jboss.resteasy.plugins.server.servlet.ServletContainerDispatcher.service(ServletContainerDispatcher.java:221)
	at org.jboss.resteasy.plugins.server.servlet.HttpServletDispatcher.service(HttpServletDispatcher.java:56)
	at org.jboss.resteasy.plugins.server.servlet.HttpServletDispatcher.service(HttpServletDispatcher.java:51)
	at javax.servlet.http.HttpServlet.service(HttpServlet.java:790)
	at io.undertow.servlet.handlers.ServletHandler.handleRequest(ServletHandler.java:85)
	at io.undertow.servlet.handlers.security.ServletSecurityRoleHandler.handleRequest(ServletSecurityRoleHandler.java:62)
	at io.undertow.servlet.handlers.ServletDispatchingHandler.handleRequest(ServletDispatchingHandler.java:36)
	at org.wildfly.extension.undertow.security.SecurityContextAssociationHandler.handleRequest(SecurityContextAssociationHandler.java:78)
	at io.undertow.server.handlers.PredicateHandler.handleRequest(PredicateHandler.java:43)
	at io.undertow.servlet.handlers.security.SSLInformationAssociationHandler.handleRequest(SSLInformationAssociationHandler.java:131)
	at io.undertow.servlet.handlers.security.ServletAuthenticationCallHandler.handleRequest(ServletAuthenticationCallHandler.java:57)
	at io.undertow.server.handlers.PredicateHandler.handleRequest(PredicateHandler.java:43)
	at io.undertow.security.handlers.AbstractConfidentialityHandler.handleRequest(AbstractConfidentialityHandler.java:46)
	at io.undertow.servlet.handlers.security.ServletConfidentialityConstraintHandler.handleRequest(ServletConfidentialityConstraintHandler.java:64)
	at io.undertow.security.handlers.AuthenticationMechanismsHandler.handleRequest(AuthenticationMechanismsHandler.java:60)
	at io.undertow.servlet.handlers.security.CachedAuthenticatedSessionHandler.handleRequest(CachedAuthenticatedSessionHandler.java:77)
	at io.undertow.security.handlers.NotificationReceiverHandler.handleRequest(NotificationReceiverHandler.java:50)
	at io.undertow.security.handlers.AbstractSecurityContextAssociationHandler.handleRequest(AbstractSecurityContextAssociationHandler.java:43)
	at io.undertow.server.handlers.PredicateHandler.handleRequest(PredicateHandler.java:43)
	at org.wildfly.extension.undertow.security.jacc.JACCContextIdHandler.handleRequest(JACCContextIdHandler.java:61)
	at io.undertow.server.handlers.PredicateHandler.handleRequest(PredicateHandler.java:43)
	at io.undertow.server.handlers.PredicateHandler.handleRequest(PredicateHandler.java:43)
	at io.undertow.servlet.handlers.ServletInitialHandler.handleFirstRequest(ServletInitialHandler.java:285)
	at io.undertow.servlet.handlers.ServletInitialHandler.dispatchRequest(ServletInitialHandler.java:264)
	at io.undertow.servlet.handlers.ServletInitialHandler.access$000(ServletInitialHandler.java:81)
	at io.undertow.servlet.handlers.ServletInitialHandler$1.handleRequest(ServletInitialHandler.java:175)
	at io.undertow.server.Connectors.executeRootHandler(Connectors.java:202)
	at io.undertow.server.HttpServerExchange$1.run(HttpServerExchange.java:792)
	at java.util.concurrent.ThreadPoolExecutor.runWorker(ThreadPoolExecutor.java:1142)
	at java.util.concurrent.ThreadPoolExecutor$Worker.run(ThreadPoolExecutor.java:617)
	at java.lang.Thread.run(Thread.java:748)
Caused by: com.fasterxml.jackson.databind.JsonMappingException: failed to lazily initialize a collection of role: Entities.Student.studentContestDetailsByStudentId, could not initialize proxy - no Session (through reference chain: java.util.ArrayList[0]->Entities.Student["studentContestDetailsByStudentId"])
	at com.fasterxml.jackson.databind.JsonMappingException.wrapWithPath(JsonMappingException.java:210)
	at com.fasterxml.jackson.databind.JsonMappingException.wrapWithPath(JsonMappingException.java:177)
	at com.fasterxml.jackson.databind.ser.std.StdSerializer.wrapAndThrow(StdSerializer.java:190)
	at com.fasterxml.jackson.databind.ser.std.BeanSerializerBase.serializeFields(BeanSerializerBase.java:674)
	at com.fasterxml.jackson.databind.ser.BeanSerializer.serialize(BeanSerializer.java:156)
	at com.fasterxml.jackson.databind.ser.std.CollectionSerializer.serializeContentsUsing(CollectionSerializer.java:160)
	at com.fasterxml.jackson.databind.ser.std.CollectionSerializer.serializeContents(CollectionSerializer.java:102)
	at com.fasterxml.jackson.databind.ser.std.CollectionSerializer.serialize(CollectionSerializer.java:94)
	at com.fasterxml.jackson.databind.ser.std.CollectionSerializer.serialize(CollectionSerializer.java:24)
	at com.fasterxml.jackson.databind.ser.DefaultSerializerProvider.serializeValue(DefaultSerializerProvider.java:251)
	at com.fasterxml.jackson.databind.ObjectWriter.writeValue(ObjectWriter.java:846)
	at org.jboss.resteasy.plugins.providers.jackson.ResteasyJackson2Provider.writeTo(ResteasyJackson2Provider.java:207)
	at org.jboss.resteasy.core.interception.AbstractWriterInterceptorContext.writeTo(AbstractWriterInterceptorContext.java:131)
	at org.jboss.resteasy.core.interception.ServerWriterInterceptorContext.writeTo(ServerWriterInterceptorContext.java:60)
	at org.jboss.resteasy.core.interception.AbstractWriterInterceptorContext.proceed(AbstractWriterInterceptorContext.java:120)
	at org.jboss.resteasy.security.doseta.DigitalSigningInterceptor.aroundWriteTo(DigitalSigningInterceptor.java:145)
	at org.jboss.resteasy.core.interception.AbstractWriterInterceptorContext.proceed(AbstractWriterInterceptorContext.java:124)
	at org.jboss.resteasy.plugins.interceptors.encoding.GZIPEncodingInterceptor.aroundWriteTo(GZIPEncodingInterceptor.java:100)
	at org.jboss.resteasy.core.interception.AbstractWriterInterceptorContext.proceed(AbstractWriterInterceptorContext.java:124)
	at org.jboss.resteasy.core.ServerResponseWriter.writeNomapResponse(ServerResponseWriter.java:98)
	at org.jboss.resteasy.core.SynchronousDispatcher.writeResponse(SynchronousDispatcher.java:466)
	... 33 more
Caused by: org.hibernate.LazyInitializationException: failed to lazily initialize a collection of role: Entities.Student.studentContestDetailsByStudentId, could not initialize proxy - no Session
	at org.hibernate.collection.internal.AbstractPersistentCollection.throwLazyInitializationException(AbstractPersistentCollection.java:587)
	at org.hibernate.collection.internal.AbstractPersistentCollection.withTemporarySessionIfNeeded(AbstractPersistentCollection.java:204)
	at org.hibernate.collection.internal.AbstractPersistentCollection.readSize(AbstractPersistentCollection.java:148)
	at org.hibernate.collection.internal.PersistentBag.size(PersistentBag.java:261)
	at com.fasterxml.jackson.databind.ser.std.CollectionSerializer.serialize(CollectionSerializer.java:88)
	at com.fasterxml.jackson.databind.ser.std.CollectionSerializer.serialize(CollectionSerializer.java:24)
	at com.fasterxml.jackson.databind.ser.BeanPropertyWriter.serializeAsField(BeanPropertyWriter.java:575)
	at com.fasterxml.jackson.databind.ser.std.BeanSerializerBase.serializeFields(BeanSerializerBase.java:666)
	... 50 more

2017-06-23 10:05:58,991 INFO  [org.wildfly.extension.undertow] (ServerService Thread Pool -- 70) WFLYUT0022: Unregistered web context: /IuhCoder
2017-06-23 10:05:59,031 INFO  [org.jboss.weld.deployer] (MSC service thread 1-2) WFLYWELD0010: Stopping weld service for deployment IuhCoder.war
2017-06-23 10:05:59,090 INFO  [org.jboss.as.jpa] (ServerService Thread Pool -- 77) WFLYJPA0011: Stopping Persistence Unit (phase 2 of 2) Service 'IuhCoder.war#Entities'
2017-06-23 10:05:59,097 INFO  [org.jboss.as.jpa] (ServerService Thread Pool -- 77) WFLYJPA0011: Stopping Persistence Unit (phase 1 of 2) Service 'IuhCoder.war#Entities'
2017-06-23 10:05:59,140 INFO  [org.jboss.as.clustering.infinispan] (ServerService Thread Pool -- 77) WFLYCLINF0003: Stopped client-mappings cache from ejb container
2017-06-23 10:05:59,163 INFO  [org.jboss.as.server.deployment] (MSC service thread 1-5) WFLYSRV0028: Stopped deployment IuhCoder.war (runtime-name: IuhCoder.war) in 191ms
2017-06-23 10:05:59,218 INFO  [org.jboss.as.server] (management-handler-thread - 1) WFLYSRV0009: Undeployed "IuhCoder.war" (runtime-name: "IuhCoder.war")
2017-06-23 10:05:59,287 INFO  [org.jboss.as.server] (management-handler-thread - 4) WFLYSRV0236: Suspending server with no timeout.
2017-06-23 10:05:59,291 INFO  [org.jboss.as.server] (Thread-2) WFLYSRV0220: Server shutdown has been requested.
2017-06-23 10:05:59,315 INFO  [org.jboss.as.connector.subsystems.datasources] (MSC service thread 1-8) WFLYJCA0010: Unbound data source [java:jboss/datasources/ExampleDS]
2017-06-23 10:05:59,324 INFO  [org.jboss.as.connector.subsystems.datasources] (MSC service thread 1-2) WFLYJCA0010: Unbound data source [java:jboss/ATP]
2017-06-23 10:05:59,345 INFO  [org.wildfly.extension.messaging-activemq] (MSC service thread 1-1) WFLYMSGAMQ0006: Unbound messaging object to jndi name java:jboss/DefaultJMSConnectionFactory
2017-06-23 10:05:59,352 INFO  [org.jboss.as.connector.subsystems.datasources] (MSC service thread 1-5) WFLYJCA0010: Unbound data source [java:jboss/Test]
2017-06-23 10:05:59,362 INFO  [org.jboss.as.connector.deployment] (MSC service thread 1-1) WFLYJCA0011: Unbound JCA ConnectionFactory [java:/JmsXA]
2017-06-23 10:05:59,369 INFO  [org.wildfly.extension.undertow] (MSC service thread 1-1) WFLYUT0019: Host default-host stopping
2017-06-23 10:05:59,376 INFO  [org.wildfly.extension.messaging-activemq] (ServerService Thread Pool -- 74) WFLYMSGAMQ0006: Unbound messaging object to jndi name java:/ConnectionFactory
2017-06-23 10:05:59,390 INFO  [org.jboss.as.connector.deployers.jdbc] (MSC service thread 1-4) WFLYJCA0019: Stopped Driver service with driver-name = h2
2017-06-23 10:05:59,405 INFO  [org.jboss.as.connector.deployers.jdbc] (MSC service thread 1-8) WFLYJCA0019: Stopped Driver service with driver-name = sqlserver
2017-06-23 10:05:59,430 INFO  [org.apache.activemq.artemis.ra] (ServerService Thread Pool -- 70) AMQ151003: resource adaptor stopped
2017-06-23 10:05:59,534 INFO  [org.apache.activemq.artemis.core.server] (ServerService Thread Pool -- 70) AMQ221002: Apache ActiveMQ Artemis Message Broker version 1.1.0.SP16-redhat-1 [c6da4548-4da7-11e7-a8b2-95c8c1bf8529] stopped
2017-06-23 10:05:59,539 INFO  [org.wildfly.extension.undertow] (MSC service thread 1-4) WFLYUT0008: Undertow HTTP listener default suspending
2017-06-23 10:05:59,540 INFO  [org.wildfly.extension.undertow] (MSC service thread 1-4) WFLYUT0007: Undertow HTTP listener default stopped, was bound to 127.0.0.1:8080
2017-06-23 10:05:59,543 INFO  [org.wildfly.extension.undertow] (MSC service thread 1-2) WFLYUT0004: Undertow 1.3.21.Final-redhat-1 stopping
2017-06-23 10:05:59,564 INFO  [org.jboss.as] (MSC service thread 1-5) WFLYSRV0050: JBoss EAP 7.0.0.GA (WildFly Core 2.1.2.Final-redhat-1) stopped in 254ms
